<?xml version="1.0" encoding="UTF-8"?>
<testng-results skipped="0" failed="0" total="1" passed="1">
  <reporter-output>
  </reporter-output>
  <suite name="Suite" duration-ms="15364" started-at="2016-05-21T13:59:13Z" finished-at="2016-05-21T13:59:28Z">
    <groups>
    </groups>
    <test name="Test" duration-ms="15364" started-at="2016-05-21T13:59:13Z" finished-at="2016-05-21T13:59:28Z">
      <class name="Pack1.Test1">
        <test-method status="PASS" signature="method1()[pri:0, instance:Pack1.Test1@5a39699c]" name="method1" duration-ms="15325" started-at="2016-05-21T19:29:13Z" finished-at="2016-05-21T19:29:28Z">
          <reporter-output>
          </reporter-output>
        </test-method> <!-- method1 -->
      </class> <!-- Pack1.Test1 -->
    </test> <!-- Test -->
  </suite> <!-- Suite -->
</testng-results>
