<?xml version="1.0" encoding="UTF-8"?>
<testng-results skipped="0" failed="0" total="1" passed="1">
  <reporter-output>
  </reporter-output>
  <suite name="Suite" duration-ms="20107" started-at="2016-05-21T16:53:54Z" finished-at="2016-05-21T16:54:14Z">
    <groups>
    </groups>
    <test name="Test" duration-ms="20107" started-at="2016-05-21T16:53:54Z" finished-at="2016-05-21T16:54:14Z">
      <class name="Pack1.Test1">
        <test-method status="PASS" signature="beforeTest()[pri:0, instance:Pack1.Test1@6b71769e]" name="beforeTest" is-config="true" duration-ms="15731" started-at="2016-05-21T22:23:54Z" finished-at="2016-05-21T22:24:09Z">
          <reporter-output>
          </reporter-output>
        </test-method> <!-- beforeTest -->
        <test-method status="PASS" signature="method1()[pri:0, instance:Pack1.Test1@6b71769e]" name="method1" duration-ms="2438" started-at="2016-05-21T22:24:09Z" finished-at="2016-05-21T22:24:12Z">
          <reporter-output>
          </reporter-output>
        </test-method> <!-- method1 -->
        <test-method status="PASS" signature="afterTest()[pri:0, instance:Pack1.Test1@6b71769e]" name="afterTest" is-config="true" duration-ms="1913" started-at="2016-05-21T22:24:12Z" finished-at="2016-05-21T22:24:14Z">
          <reporter-output>
          </reporter-output>
        </test-method> <!-- afterTest -->
      </class> <!-- Pack1.Test1 -->
    </test> <!-- Test -->
  </suite> <!-- Suite -->
</testng-results>
