<?xml version="1.0" encoding="UTF-8"?>
<testng-results skipped="0" failed="0" total="1" passed="1">
  <reporter-output>
  </reporter-output>
  <suite name="Suite" duration-ms="26012" started-at="2016-05-21T13:33:55Z" finished-at="2016-05-21T13:34:21Z">
    <groups>
    </groups>
    <test name="Test" duration-ms="26012" started-at="2016-05-21T13:33:55Z" finished-at="2016-05-21T13:34:21Z">
      <class name="Pack1.Test1">
        <test-method status="PASS" signature="method1()[pri:0, instance:Pack1.Test1@7c16905e]" name="method1" duration-ms="25952" started-at="2016-05-21T19:03:55Z" finished-at="2016-05-21T19:04:21Z">
          <reporter-output>
          </reporter-output>
        </test-method> <!-- method1 -->
      </class> <!-- Pack1.Test1 -->
    </test> <!-- Test -->
  </suite> <!-- Suite -->
</testng-results>
